29-05-2026 15:38:57 [INFO] [extracao.py:49] - Query carregada com sucesso: fatofechamento.sql -> chave 'fatofechamento'
29-05-2026 15:38:57 [INFO] [extracao.py:49] - Query carregada com sucesso: orcado.mdx -> chave 'orcado'
29-05-2026 15:38:57 [INFO] [extracao.py:49] - Query carregada com sucesso: orcado_receitas.mdx -> chave 'orcado_receitas'
29-05-2026 15:38:57 [INFO] [extracao.py:49] - Query carregada com sucesso: orcado_receitas_cenario.mdx -> chave 'orcado_receitas_cenario'
29-05-2026 15:38:57 [INFO] [extracao.py:218] - Conectando ao banco para extrair: fatofechamento
29-05-2026 15:38:57 [INFO] [extracao.py:218] - Conectando ao banco para extrair: orcado_receitas
29-05-2026 15:38:57 [INFO] [extracao.py:176] - Executando a inicialização do ambiente OLAP pela primeira vez...
29-05-2026 15:38:58 [INFO] [extracao.py:191] - Referência 'Microsoft.AnalysisServices.AdomdClient' carregada com sucesso.
29-05-2026 15:38:58 [INFO] [extracao.py:203] - Conectando ao cubo OLAP com a string: 'Provider=MSOLAP;Data Source=NASRVUGESQLPW02.sp.sebrae.corp;Catalog=SMEDW_V3_SSAS;'
29-05-2026 15:39:02 [INFO] [extracao.py:210] - Consulta ao cubo OLAP concluída, 2970 registros retornados.
29-05-2026 15:39:02 [INFO] [transformacao.py:60] - Colunas brutas identificadas: ['[PPA].[PPA com Fotografia].[Descrição de PPA com Fotografia].[MEMBER_CAPTION]', '[Unidade Organizacional de Iniciativa].[Unidade Organizacional de Iniciativa].[Nome de Unidade Organizacional de Iniciativa].[MEMBER_CAPTION]', '[Iniciativa].[Iniciativas].[Iniciativa].[MEMBER_CAPTION]', '[Natureza Orçamentária].[Código Estruturado 4 nível].[Código Estruturado 4 nível].[MEMBER_CAPTION]', '[Natureza Orçamentária].[Descrição de Natureza 4 nível].[Descrição de Natureza 4 nível].[MEMBER_CAPTION]', '[Tempo].[Ano].[Número Ano].[MEMBER_CAPTION]', '[Tempo].[Mês].[Número Mês].[MEMBER_CAPTION]', '[Measures].[ValorAjustado]']
29-05-2026 15:39:02 [INFO] [transformacao.py:128] - Métricas de Data Analytics compiladas com sucesso para consumo do Node.js.
29-05-2026 15:39:02 [INFO] [main.py:143] - Tabela 'orcado_receitas' carregada em memória com sucesso.
29-05-2026 15:39:21 [ERROR] [base_events.py:1879] - Exception in callback Task.__step()
handle: <Handle Task.__step()>
Traceback (most recent call last):
  File "c:\Users\cesargl\_projetos\dex\.venv\Lib\site-packages\nest_asyncio.py", line 30, in run
    return loop.run_until_complete(task)
           ~~~~~~~~~~~~~~~~~~~~~~~^^^^^^
  File "c:\Users\cesargl\_projetos\dex\.venv\Lib\site-packages\nest_asyncio.py", line 92, in run_until_complete
    self._run_once()
    ~~~~~~~~~~~~~~^^
  File "c:\Users\cesargl\_projetos\dex\.venv\Lib\site-packages\nest_asyncio.py", line 115, in _run_once
    event_list = self._selector.select(timeout)
  File "C:\Users\cesargl\AppData\Local\anaconda3\Lib\selectors.py", line 314, in select
    r, w, _ = self._select(self._readers, self._writers, [], timeout)
              ~~~~~~~~~~~~^^^^^^^^^^^^^^^^^^^^^^^^^^^^^^^^^^^^^^^^^^^
  File "C:\Users\cesargl\AppData\Local\anaconda3\Lib\selectors.py", line 305, in _select
    r, w, x = select.select(r, w, w, timeout)
              ~~~~~~~~~~~~~^^^^^^^^^^^^^^^^^^
KeyboardInterrupt

During handling of the above exception, another exception occurred:

Traceback (most recent call last):
  File "C:\Users\cesargl\AppData\Local\anaconda3\Lib\asyncio\events.py", line 89, in _run
    self._context.run(self._callback, *self._args)
    ~~~~~~~~~~~~~~~~~^^^^^^^^^^^^^^^^^^^^^^^^^^^^^
RuntimeError: cannot enter context: <_contextvars.Context object at 0x0000024E48A07B80> is already entered
29-05-2026 15:39:22 [ERROR] [base_events.py:1879] - Task was destroyed but it is pending!
task: <Task pending name='Task-11' coro=<_async_in_context.<locals>.run_in_context() done, defined at c:\Users\cesargl\_projetos\dex\.venv\Lib\site-packages\ipykernel\utils.py:57> wait_for=<Task pending name='Task-12' coro=<Kernel.shell_main() running at c:\Users\cesargl\_projetos\dex\.venv\Lib\site-packages\ipykernel\kernelbase.py:597> cb=[Task.__wakeup()]> cb=[ZMQStream._run_callback.<locals>._log_error() at c:\Users\cesargl\_projetos\dex\.venv\Lib\site-packages\zmq\eventloop\zmqstream.py:563]>
29-05-2026 15:39:22 [ERROR] [base_events.py:1879] - Task was destroyed but it is pending!
task: <Task pending name='Task-12' coro=<Kernel.shell_main() running at c:\Users\cesargl\_projetos\dex\.venv\Lib\site-packages\ipykernel\kernelbase.py:597> cb=[Task.__wakeup()]>
29-05-2026 15:40:25 [INFO] [extracao.py:49] - Query carregada com sucesso: fatofechamento.sql -> chave 'fatofechamento'
29-05-2026 15:40:25 [INFO] [extracao.py:49] - Query carregada com sucesso: orcado.mdx -> chave 'orcado'
29-05-2026 15:40:25 [INFO] [extracao.py:49] - Query carregada com sucesso: orcado_receitas.mdx -> chave 'orcado_receitas'
29-05-2026 15:40:25 [INFO] [extracao.py:49] - Query carregada com sucesso: orcado_receitas_cenario.mdx -> chave 'orcado_receitas_cenario'
29-05-2026 15:40:25 [INFO] [carga.py:182] - Buscando dados históricos da tabela de carga: dbo.[dex-orcado_receitas]
29-05-2026 15:40:25 [INFO] [carga.py:182] - Buscando dados históricos da tabela de carga: dbo.[dex-fatofechamento]
29-05-2026 15:40:26 [INFO] [main.py:174] - Tabela de Carga 'fatofechamento' lida do SQL Server com sucesso.
29-05-2026 15:40:26 [INFO] [main.py:174] - Tabela de Carga 'orcado_receitas' lida do SQL Server com sucesso.
29-05-2026 15:40:57 [INFO] [extracao.py:49] - Query carregada com sucesso: fatofechamento.sql -> chave 'fatofechamento'
29-05-2026 15:40:57 [INFO] [extracao.py:49] - Query carregada com sucesso: orcado.mdx -> chave 'orcado'
29-05-2026 15:40:57 [INFO] [extracao.py:49] - Query carregada com sucesso: orcado_receitas.mdx -> chave 'orcado_receitas'
29-05-2026 15:40:57 [INFO] [extracao.py:49] - Query carregada com sucesso: orcado_receitas_cenario.mdx -> chave 'orcado_receitas_cenario'
29-05-2026 15:40:57 [INFO] [carga.py:182] - Buscando dados históricos da tabela de carga: dbo.[dex-fatofechamento]
29-05-2026 15:40:57 [INFO] [carga.py:182] - Buscando dados históricos da tabela de carga: dbo.[dex-orcado_receitas]
29-05-2026 15:40:58 [INFO] [main.py:174] - Tabela de Carga 'fatofechamento' lida do SQL Server com sucesso.
29-05-2026 15:40:58 [INFO] [main.py:174] - Tabela de Carga 'orcado_receitas' lida do SQL Server com sucesso.
29-05-2026 15:41:43 [INFO] [extracao.py:49] - Query carregada com sucesso: fatofechamento.sql -> chave 'fatofechamento'
29-05-2026 15:41:43 [INFO] [extracao.py:49] - Query carregada com sucesso: orcado.mdx -> chave 'orcado'
29-05-2026 15:41:43 [INFO] [extracao.py:49] - Query carregada com sucesso: orcado_receitas.mdx -> chave 'orcado_receitas'
29-05-2026 15:41:43 [INFO] [extracao.py:49] - Query carregada com sucesso: orcado_receitas_cenario.mdx -> chave 'orcado_receitas_cenario'
29-05-2026 15:41:43 [INFO] [carga.py:182] - Buscando dados históricos da tabela de carga: dbo.[dex-fatofechamento]
29-05-2026 15:41:43 [INFO] [carga.py:182] - Buscando dados históricos da tabela de carga: dbo.[dex-orcado]
29-05-2026 15:41:46 [INFO] [main.py:174] - Tabela de Carga 'fatofechamento' lida do SQL Server com sucesso.
29-05-2026 15:42:03 [INFO] [main.py:174] - Tabela de Carga 'orcado' lida do SQL Server com sucesso.
29-05-2026 15:47:50 [ERROR] [zmqstream.py:567] - Uncaught exception in ZMQStream callback
Traceback (most recent call last):
  File "c:\Users\cesargl\_projetos\dex\.venv\Lib\site-packages\zmq\eventloop\zmqstream.py", line 565, in _log_error
    f.result()
    ~~~~~~~~^^
  File "C:\Users\cesargl\AppData\Local\anaconda3\Lib\asyncio\futures.py", line 199, in result
    raise self._exception.with_traceback(self._exception_tb)
  File "C:\Users\cesargl\AppData\Local\anaconda3\Lib\asyncio\tasks.py", line 304, in __step_run_and_handle_result
    result = coro.send(None)
  File "c:\Users\cesargl\_projetos\dex\.venv\Lib\site-packages\ipykernel\kernelbase.py", line 348, in dispatch_control
    await self.process_control(msg)
  File "c:\Users\cesargl\_projetos\dex\.venv\Lib\site-packages\ipykernel\kernelbase.py", line 354, in process_control
    idents, msg = self.session.feed_identities(msg, copy=False)
                  ~~~~~~~~~~~~~~~~~~~~~~~~~~~~^^^^^^^^^^^^^^^^^
  File "c:\Users\cesargl\_projetos\dex\.venv\Lib\site-packages\jupyter_client\session.py", line 998, in feed_identities
    raise ValueError(msg)
ValueError: DELIM not in msg_list
29-05-2026 15:47:50 [ERROR] [zmqstream.py:567] - Uncaught exception in ZMQStream callback
Traceback (most recent call last):
  File "c:\Users\cesargl\_projetos\dex\.venv\Lib\site-packages\zmq\eventloop\zmqstream.py", line 565, in _log_error
    f.result()
    ~~~~~~~~^^
  File "C:\Users\cesargl\AppData\Local\anaconda3\Lib\asyncio\futures.py", line 199, in result
    raise self._exception.with_traceback(self._exception_tb)
  File "C:\Users\cesargl\AppData\Local\anaconda3\Lib\asyncio\tasks.py", line 304, in __step_run_and_handle_result
    result = coro.send(None)
  File "c:\Users\cesargl\_projetos\dex\.venv\Lib\site-packages\ipykernel\kernelbase.py", line 348, in dispatch_control
    await self.process_control(msg)
  File "c:\Users\cesargl\_projetos\dex\.venv\Lib\site-packages\ipykernel\kernelbase.py", line 354, in process_control
    idents, msg = self.session.feed_identities(msg, copy=False)
                  ~~~~~~~~~~~~~~~~~~~~~~~~~~~~^^^^^^^^^^^^^^^^^
  File "c:\Users\cesargl\_projetos\dex\.venv\Lib\site-packages\jupyter_client\session.py", line 998, in feed_identities
    raise ValueError(msg)
ValueError: DELIM not in msg_list
29-05-2026 15:47:50 [ERROR] [zmqstream.py:567] - Uncaught exception in ZMQStream callback
Traceback (most recent call last):
  File "c:\Users\cesargl\_projetos\dex\.venv\Lib\site-packages\zmq\eventloop\zmqstream.py", line 565, in _log_error
    f.result()
    ~~~~~~~~^^
  File "C:\Users\cesargl\AppData\Local\anaconda3\Lib\asyncio\futures.py", line 199, in result
    raise self._exception.with_traceback(self._exception_tb)
  File "C:\Users\cesargl\AppData\Local\anaconda3\Lib\asyncio\tasks.py", line 304, in __step_run_and_handle_result
    result = coro.send(None)
  File "c:\Users\cesargl\_projetos\dex\.venv\Lib\site-packages\ipykernel\kernelbase.py", line 348, in dispatch_control
    await self.process_control(msg)
  File "c:\Users\cesargl\_projetos\dex\.venv\Lib\site-packages\ipykernel\kernelbase.py", line 354, in process_control
    idents, msg = self.session.feed_identities(msg, copy=False)
                  ~~~~~~~~~~~~~~~~~~~~~~~~~~~~^^^^^^^^^^^^^^^^^
  File "c:\Users\cesargl\_projetos\dex\.venv\Lib\site-packages\jupyter_client\session.py", line 998, in feed_identities
    raise ValueError(msg)
ValueError: DELIM not in msg_list
29-05-2026 15:47:50 [ERROR] [zmqstream.py:567] - Uncaught exception in ZMQStream callback
Traceback (most recent call last):
  File "c:\Users\cesargl\_projetos\dex\.venv\Lib\site-packages\zmq\eventloop\zmqstream.py", line 565, in _log_error
    f.result()
    ~~~~~~~~^^
  File "C:\Users\cesargl\AppData\Local\anaconda3\Lib\asyncio\futures.py", line 199, in result
    raise self._exception.with_traceback(self._exception_tb)
  File "C:\Users\cesargl\AppData\Local\anaconda3\Lib\asyncio\tasks.py", line 304, in __step_run_and_handle_result
    result = coro.send(None)
  File "c:\Users\cesargl\_projetos\dex\.venv\Lib\site-packages\ipykernel\kernelbase.py", line 348, in dispatch_control
    await self.process_control(msg)
  File "c:\Users\cesargl\_projetos\dex\.venv\Lib\site-packages\ipykernel\kernelbase.py", line 354, in process_control
    idents, msg = self.session.feed_identities(msg, copy=False)
                  ~~~~~~~~~~~~~~~~~~~~~~~~~~~~^^^^^^^^^^^^^^^^^
  File "c:\Users\cesargl\_projetos\dex\.venv\Lib\site-packages\jupyter_client\session.py", line 998, in feed_identities
    raise ValueError(msg)
ValueError: DELIM not in msg_list
29-05-2026 15:47:50 [ERROR] [zmqstream.py:567] - Uncaught exception in ZMQStream callback
Traceback (most recent call last):
  File "c:\Users\cesargl\_projetos\dex\.venv\Lib\site-packages\zmq\eventloop\zmqstream.py", line 565, in _log_error
    f.result()
    ~~~~~~~~^^
  File "C:\Users\cesargl\AppData\Local\anaconda3\Lib\asyncio\futures.py", line 199, in result
    raise self._exception.with_traceback(self._exception_tb)
  File "C:\Users\cesargl\AppData\Local\anaconda3\Lib\asyncio\tasks.py", line 304, in __step_run_and_handle_result
    result = coro.send(None)
  File "c:\Users\cesargl\_projetos\dex\.venv\Lib\site-packages\ipykernel\kernelbase.py", line 348, in dispatch_control
    await self.process_control(msg)
  File "c:\Users\cesargl\_projetos\dex\.venv\Lib\site-packages\ipykernel\kernelbase.py", line 354, in process_control
    idents, msg = self.session.feed_identities(msg, copy=False)
                  ~~~~~~~~~~~~~~~~~~~~~~~~~~~~^^^^^^^^^^^^^^^^^
  File "c:\Users\cesargl\_projetos\dex\.venv\Lib\site-packages\jupyter_client\session.py", line 998, in feed_identities
    raise ValueError(msg)
ValueError: DELIM not in msg_list
29-05-2026 15:48:07 [ERROR] [zmqstream.py:567] - Uncaught exception in ZMQStream callback
Traceback (most recent call last):
  File "c:\Users\cesargl\_projetos\dex\.venv\Lib\site-packages\zmq\eventloop\zmqstream.py", line 565, in _log_error
    f.result()
    ~~~~~~~~^^
  File "C:\Users\cesargl\AppData\Local\anaconda3\Lib\asyncio\futures.py", line 199, in result
    raise self._exception.with_traceback(self._exception_tb)
  File "C:\Users\cesargl\AppData\Local\anaconda3\Lib\asyncio\tasks.py", line 304, in __step_run_and_handle_result
    result = coro.send(None)
  File "c:\Users\cesargl\_projetos\dex\.venv\Lib\site-packages\ipykernel\kernelbase.py", line 348, in dispatch_control
    await self.process_control(msg)
  File "c:\Users\cesargl\_projetos\dex\.venv\Lib\site-packages\ipykernel\kernelbase.py", line 354, in process_control
    idents, msg = self.session.feed_identities(msg, copy=False)
                  ~~~~~~~~~~~~~~~~~~~~~~~~~~~~^^^^^^^^^^^^^^^^^
  File "c:\Users\cesargl\_projetos\dex\.venv\Lib\site-packages\jupyter_client\session.py", line 998, in feed_identities
    raise ValueError(msg)
ValueError: DELIM not in msg_list
29-05-2026 15:48:07 [ERROR] [zmqstream.py:567] - Uncaught exception in ZMQStream callback
Traceback (most recent call last):
  File "c:\Users\cesargl\_projetos\dex\.venv\Lib\site-packages\zmq\eventloop\zmqstream.py", line 565, in _log_error
    f.result()
    ~~~~~~~~^^
  File "C:\Users\cesargl\AppData\Local\anaconda3\Lib\asyncio\futures.py", line 199, in result
    raise self._exception.with_traceback(self._exception_tb)
  File "C:\Users\cesargl\AppData\Local\anaconda3\Lib\asyncio\tasks.py", line 304, in __step_run_and_handle_result
    result = coro.send(None)
  File "c:\Users\cesargl\_projetos\dex\.venv\Lib\site-packages\ipykernel\kernelbase.py", line 348, in dispatch_control
    await self.process_control(msg)
  File "c:\Users\cesargl\_projetos\dex\.venv\Lib\site-packages\ipykernel\kernelbase.py", line 354, in process_control
    idents, msg = self.session.feed_identities(msg, copy=False)
                  ~~~~~~~~~~~~~~~~~~~~~~~~~~~~^^^^^^^^^^^^^^^^^
  File "c:\Users\cesargl\_projetos\dex\.venv\Lib\site-packages\jupyter_client\session.py", line 998, in feed_identities
    raise ValueError(msg)
ValueError: DELIM not in msg_list
29-05-2026 15:48:07 [ERROR] [zmqstream.py:567] - Uncaught exception in ZMQStream callback
Traceback (most recent call last):
  File "c:\Users\cesargl\_projetos\dex\.venv\Lib\site-packages\zmq\eventloop\zmqstream.py", line 565, in _log_error
    f.result()
    ~~~~~~~~^^
  File "C:\Users\cesargl\AppData\Local\anaconda3\Lib\asyncio\futures.py", line 199, in result
    raise self._exception.with_traceback(self._exception_tb)
  File "C:\Users\cesargl\AppData\Local\anaconda3\Lib\asyncio\tasks.py", line 304, in __step_run_and_handle_result
    result = coro.send(None)
  File "c:\Users\cesargl\_projetos\dex\.venv\Lib\site-packages\ipykernel\kernelbase.py", line 348, in dispatch_control
    await self.process_control(msg)
  File "c:\Users\cesargl\_projetos\dex\.venv\Lib\site-packages\ipykernel\kernelbase.py", line 354, in process_control
    idents, msg = self.session.feed_identities(msg, copy=False)
                  ~~~~~~~~~~~~~~~~~~~~~~~~~~~~^^^^^^^^^^^^^^^^^
  File "c:\Users\cesargl\_projetos\dex\.venv\Lib\site-packages\jupyter_client\session.py", line 998, in feed_identities
    raise ValueError(msg)
ValueError: DELIM not in msg_list
29-05-2026 15:48:07 [ERROR] [zmqstream.py:567] - Uncaught exception in ZMQStream callback
Traceback (most recent call last):
  File "c:\Users\cesargl\_projetos\dex\.venv\Lib\site-packages\zmq\eventloop\zmqstream.py", line 565, in _log_error
    f.result()
    ~~~~~~~~^^
  File "C:\Users\cesargl\AppData\Local\anaconda3\Lib\asyncio\futures.py", line 199, in result
    raise self._exception.with_traceback(self._exception_tb)
  File "C:\Users\cesargl\AppData\Local\anaconda3\Lib\asyncio\tasks.py", line 304, in __step_run_and_handle_result
    result = coro.send(None)
  File "c:\Users\cesargl\_projetos\dex\.venv\Lib\site-packages\ipykernel\kernelbase.py", line 348, in dispatch_control
    await self.process_control(msg)
  File "c:\Users\cesargl\_projetos\dex\.venv\Lib\site-packages\ipykernel\kernelbase.py", line 354, in process_control
    idents, msg = self.session.feed_identities(msg, copy=False)
                  ~~~~~~~~~~~~~~~~~~~~~~~~~~~~^^^^^^^^^^^^^^^^^
  File "c:\Users\cesargl\_projetos\dex\.venv\Lib\site-packages\jupyter_client\session.py", line 998, in feed_identities
    raise ValueError(msg)
ValueError: DELIM not in msg_list
29-05-2026 15:48:26 [ERROR] [zmqstream.py:567] - Uncaught exception in ZMQStream callback
Traceback (most recent call last):
  File "c:\Users\cesargl\_projetos\dex\.venv\Lib\site-packages\zmq\eventloop\zmqstream.py", line 565, in _log_error
    f.result()
    ~~~~~~~~^^
  File "C:\Users\cesargl\AppData\Local\anaconda3\Lib\asyncio\futures.py", line 199, in result
    raise self._exception.with_traceback(self._exception_tb)
  File "C:\Users\cesargl\AppData\Local\anaconda3\Lib\asyncio\tasks.py", line 304, in __step_run_and_handle_result
    result = coro.send(None)
  File "c:\Users\cesargl\_projetos\dex\.venv\Lib\site-packages\ipykernel\kernelbase.py", line 584, in shell_channel_thread_main
    _, msg2 = self.session.feed_identities(msg, copy=False)
              ~~~~~~~~~~~~~~~~~~~~~~~~~~~~^^^^^^^^^^^^^^^^^
  File "c:\Users\cesargl\_projetos\dex\.venv\Lib\site-packages\jupyter_client\session.py", line 998, in feed_identities
    raise ValueError(msg)
ValueError: DELIM not in msg_list
29-05-2026 15:48:26 [ERROR] [zmqstream.py:567] - Uncaught exception in ZMQStream callback
Traceback (most recent call last):
  File "c:\Users\cesargl\_projetos\dex\.venv\Lib\site-packages\zmq\eventloop\zmqstream.py", line 565, in _log_error
    f.result()
    ~~~~~~~~^^
  File "C:\Users\cesargl\AppData\Local\anaconda3\Lib\asyncio\futures.py", line 199, in result
    raise self._exception.with_traceback(self._exception_tb)
  File "C:\Users\cesargl\AppData\Local\anaconda3\Lib\asyncio\tasks.py", line 304, in __step_run_and_handle_result
    result = coro.send(None)
  File "c:\Users\cesargl\_projetos\dex\.venv\Lib\site-packages\ipykernel\kernelbase.py", line 584, in shell_channel_thread_main
    _, msg2 = self.session.feed_identities(msg, copy=False)
              ~~~~~~~~~~~~~~~~~~~~~~~~~~~~^^^^^^^^^^^^^^^^^
  File "c:\Users\cesargl\_projetos\dex\.venv\Lib\site-packages\jupyter_client\session.py", line 998, in feed_identities
    raise ValueError(msg)
ValueError: DELIM not in msg_list
29-05-2026 15:48:26 [ERROR] [zmqstream.py:567] - Uncaught exception in ZMQStream callback
Traceback (most recent call last):
  File "c:\Users\cesargl\_projetos\dex\.venv\Lib\site-packages\zmq\eventloop\zmqstream.py", line 565, in _log_error
    f.result()
    ~~~~~~~~^^
  File "C:\Users\cesargl\AppData\Local\anaconda3\Lib\asyncio\futures.py", line 199, in result
    raise self._exception.with_traceback(self._exception_tb)
  File "C:\Users\cesargl\AppData\Local\anaconda3\Lib\asyncio\tasks.py", line 304, in __step_run_and_handle_result
    result = coro.send(None)
  File "c:\Users\cesargl\_projetos\dex\.venv\Lib\site-packages\ipykernel\kernelbase.py", line 584, in shell_channel_thread_main
    _, msg2 = self.session.feed_identities(msg, copy=False)
              ~~~~~~~~~~~~~~~~~~~~~~~~~~~~^^^^^^^^^^^^^^^^^
  File "c:\Users\cesargl\_projetos\dex\.venv\Lib\site-packages\jupyter_client\session.py", line 998, in feed_identities
    raise ValueError(msg)
ValueError: DELIM not in msg_list
29-05-2026 15:48:26 [ERROR] [zmqstream.py:567] - Uncaught exception in ZMQStream callback
Traceback (most recent call last):
  File "c:\Users\cesargl\_projetos\dex\.venv\Lib\site-packages\zmq\eventloop\zmqstream.py", line 565, in _log_error
    f.result()
    ~~~~~~~~^^
  File "C:\Users\cesargl\AppData\Local\anaconda3\Lib\asyncio\futures.py", line 199, in result
    raise self._exception.with_traceback(self._exception_tb)
  File "C:\Users\cesargl\AppData\Local\anaconda3\Lib\asyncio\tasks.py", line 304, in __step_run_and_handle_result
    result = coro.send(None)
  File "c:\Users\cesargl\_projetos\dex\.venv\Lib\site-packages\ipykernel\kernelbase.py", line 584, in shell_channel_thread_main
    _, msg2 = self.session.feed_identities(msg, copy=False)
              ~~~~~~~~~~~~~~~~~~~~~~~~~~~~^^^^^^^^^^^^^^^^^
  File "c:\Users\cesargl\_projetos\dex\.venv\Lib\site-packages\jupyter_client\session.py", line 998, in feed_identities
    raise ValueError(msg)
ValueError: DELIM not in msg_list
29-05-2026 15:48:26 [ERROR] [zmqstream.py:567] - Uncaught exception in ZMQStream callback
Traceback (most recent call last):
  File "c:\Users\cesargl\_projetos\dex\.venv\Lib\site-packages\zmq\eventloop\zmqstream.py", line 565, in _log_error
    f.result()
    ~~~~~~~~^^
  File "C:\Users\cesargl\AppData\Local\anaconda3\Lib\asyncio\futures.py", line 199, in result
    raise self._exception.with_traceback(self._exception_tb)
  File "C:\Users\cesargl\AppData\Local\anaconda3\Lib\asyncio\tasks.py", line 304, in __step_run_and_handle_result
    result = coro.send(None)
  File "c:\Users\cesargl\_projetos\dex\.venv\Lib\site-packages\ipykernel\kernelbase.py", line 584, in shell_channel_thread_main
    _, msg2 = self.session.feed_identities(msg, copy=False)
              ~~~~~~~~~~~~~~~~~~~~~~~~~~~~^^^^^^^^^^^^^^^^^
  File "c:\Users\cesargl\_projetos\dex\.venv\Lib\site-packages\jupyter_client\session.py", line 998, in feed_identities
    raise ValueError(msg)
ValueError: DELIM not in msg_list
29-05-2026 15:48:26 [ERROR] [zmqstream.py:567] - Uncaught exception in ZMQStream callback
Traceback (most recent call last):
  File "c:\Users\cesargl\_projetos\dex\.venv\Lib\site-packages\zmq\eventloop\zmqstream.py", line 565, in _log_error
    f.result()
    ~~~~~~~~^^
  File "C:\Users\cesargl\AppData\Local\anaconda3\Lib\asyncio\futures.py", line 199, in result
    raise self._exception.with_traceback(self._exception_tb)
  File "C:\Users\cesargl\AppData\Local\anaconda3\Lib\asyncio\tasks.py", line 304, in __step_run_and_handle_result
    result = coro.send(None)
  File "c:\Users\cesargl\_projetos\dex\.venv\Lib\site-packages\ipykernel\kernelbase.py", line 584, in shell_channel_thread_main
    _, msg2 = self.session.feed_identities(msg, copy=False)
              ~~~~~~~~~~~~~~~~~~~~~~~~~~~~^^^^^^^^^^^^^^^^^
  File "c:\Users\cesargl\_projetos\dex\.venv\Lib\site-packages\jupyter_client\session.py", line 998, in feed_identities
    raise ValueError(msg)
ValueError: DELIM not in msg_list
29-05-2026 15:48:41 [ERROR] [zmqstream.py:567] - Uncaught exception in ZMQStream callback
Traceback (most recent call last):
  File "c:\Users\cesargl\_projetos\dex\.venv\Lib\site-packages\zmq\eventloop\zmqstream.py", line 565, in _log_error
    f.result()
    ~~~~~~~~^^
  File "C:\Users\cesargl\AppData\Local\anaconda3\Lib\asyncio\futures.py", line 199, in result
    raise self._exception.with_traceback(self._exception_tb)
  File "C:\Users\cesargl\AppData\Local\anaconda3\Lib\asyncio\tasks.py", line 304, in __step_run_and_handle_result
    result = coro.send(None)
  File "c:\Users\cesargl\_projetos\dex\.venv\Lib\site-packages\ipykernel\kernelbase.py", line 584, in shell_channel_thread_main
    _, msg2 = self.session.feed_identities(msg, copy=False)
              ~~~~~~~~~~~~~~~~~~~~~~~~~~~~^^^^^^^^^^^^^^^^^
  File "c:\Users\cesargl\_projetos\dex\.venv\Lib\site-packages\jupyter_client\session.py", line 998, in feed_identities
    raise ValueError(msg)
ValueError: DELIM not in msg_list
29-05-2026 15:48:41 [ERROR] [zmqstream.py:567] - Uncaught exception in ZMQStream callback
Traceback (most recent call last):
  File "c:\Users\cesargl\_projetos\dex\.venv\Lib\site-packages\zmq\eventloop\zmqstream.py", line 565, in _log_error
    f.result()
    ~~~~~~~~^^
  File "C:\Users\cesargl\AppData\Local\anaconda3\Lib\asyncio\futures.py", line 199, in result
    raise self._exception.with_traceback(self._exception_tb)
  File "C:\Users\cesargl\AppData\Local\anaconda3\Lib\asyncio\tasks.py", line 304, in __step_run_and_handle_result
    result = coro.send(None)
  File "c:\Users\cesargl\_projetos\dex\.venv\Lib\site-packages\ipykernel\kernelbase.py", line 584, in shell_channel_thread_main
    _, msg2 = self.session.feed_identities(msg, copy=False)
              ~~~~~~~~~~~~~~~~~~~~~~~~~~~~^^^^^^^^^^^^^^^^^
  File "c:\Users\cesargl\_projetos\dex\.venv\Lib\site-packages\jupyter_client\session.py", line 998, in feed_identities
    raise ValueError(msg)
ValueError: DELIM not in msg_list
29-05-2026 15:48:41 [ERROR] [zmqstream.py:567] - Uncaught exception in ZMQStream callback
Traceback (most recent call last):
  File "c:\Users\cesargl\_projetos\dex\.venv\Lib\site-packages\zmq\eventloop\zmqstream.py", line 565, in _log_error
    f.result()
    ~~~~~~~~^^
  File "C:\Users\cesargl\AppData\Local\anaconda3\Lib\asyncio\futures.py", line 199, in result
    raise self._exception.with_traceback(self._exception_tb)
  File "C:\Users\cesargl\AppData\Local\anaconda3\Lib\asyncio\tasks.py", line 304, in __step_run_and_handle_result
    result = coro.send(None)
  File "c:\Users\cesargl\_projetos\dex\.venv\Lib\site-packages\ipykernel\kernelbase.py", line 584, in shell_channel_thread_main
    _, msg2 = self.session.feed_identities(msg, copy=False)
              ~~~~~~~~~~~~~~~~~~~~~~~~~~~~^^^^^^^^^^^^^^^^^
  File "c:\Users\cesargl\_projetos\dex\.venv\Lib\site-packages\jupyter_client\session.py", line 998, in feed_identities
    raise ValueError(msg)
ValueError: DELIM not in msg_list
29-05-2026 15:48:42 [ERROR] [zmqstream.py:567] - Uncaught exception in ZMQStream callback
Traceback (most recent call last):
  File "c:\Users\cesargl\_projetos\dex\.venv\Lib\site-packages\zmq\eventloop\zmqstream.py", line 565, in _log_error
    f.result()
    ~~~~~~~~^^
  File "C:\Users\cesargl\AppData\Local\anaconda3\Lib\asyncio\futures.py", line 199, in result
    raise self._exception.with_traceback(self._exception_tb)
  File "C:\Users\cesargl\AppData\Local\anaconda3\Lib\asyncio\tasks.py", line 304, in __step_run_and_handle_result
    result = coro.send(None)
  File "c:\Users\cesargl\_projetos\dex\.venv\Lib\site-packages\ipykernel\kernelbase.py", line 348, in dispatch_control
    await self.process_control(msg)
  File "c:\Users\cesargl\_projetos\dex\.venv\Lib\site-packages\ipykernel\kernelbase.py", line 354, in process_control
    idents, msg = self.session.feed_identities(msg, copy=False)
                  ~~~~~~~~~~~~~~~~~~~~~~~~~~~~^^^^^^^^^^^^^^^^^
  File "c:\Users\cesargl\_projetos\dex\.venv\Lib\site-packages\jupyter_client\session.py", line 998, in feed_identities
    raise ValueError(msg)
ValueError: DELIM not in msg_list
29-05-2026 15:48:43 [ERROR] [zmqstream.py:567] - Uncaught exception in ZMQStream callback
Traceback (most recent call last):
  File "c:\Users\cesargl\_projetos\dex\.venv\Lib\site-packages\zmq\eventloop\zmqstream.py", line 565, in _log_error
    f.result()
    ~~~~~~~~^^
  File "C:\Users\cesargl\AppData\Local\anaconda3\Lib\asyncio\futures.py", line 199, in result
    raise self._exception.with_traceback(self._exception_tb)
  File "C:\Users\cesargl\AppData\Local\anaconda3\Lib\asyncio\tasks.py", line 304, in __step_run_and_handle_result
    result = coro.send(None)
  File "c:\Users\cesargl\_projetos\dex\.venv\Lib\site-packages\ipykernel\kernelbase.py", line 584, in shell_channel_thread_main
    _, msg2 = self.session.feed_identities(msg, copy=False)
              ~~~~~~~~~~~~~~~~~~~~~~~~~~~~^^^^^^^^^^^^^^^^^
  File "c:\Users\cesargl\_projetos\dex\.venv\Lib\site-packages\jupyter_client\session.py", line 998, in feed_identities
    raise ValueError(msg)
ValueError: DELIM not in msg_list
29-05-2026 15:48:45 [ERROR] [zmqstream.py:567] - Uncaught exception in ZMQStream callback
Traceback (most recent call last):
  File "c:\Users\cesargl\_projetos\dex\.venv\Lib\site-packages\zmq\eventloop\zmqstream.py", line 565, in _log_error
    f.result()
    ~~~~~~~~^^
  File "C:\Users\cesargl\AppData\Local\anaconda3\Lib\asyncio\futures.py", line 199, in result
    raise self._exception.with_traceback(self._exception_tb)
  File "C:\Users\cesargl\AppData\Local\anaconda3\Lib\asyncio\tasks.py", line 304, in __step_run_and_handle_result
    result = coro.send(None)
  File "c:\Users\cesargl\_projetos\dex\.venv\Lib\site-packages\ipykernel\kernelbase.py", line 584, in shell_channel_thread_main
    _, msg2 = self.session.feed_identities(msg, copy=False)
              ~~~~~~~~~~~~~~~~~~~~~~~~~~~~^^^^^^^^^^^^^^^^^
  File "c:\Users\cesargl\_projetos\dex\.venv\Lib\site-packages\jupyter_client\session.py", line 998, in feed_identities
    raise ValueError(msg)
ValueError: DELIM not in msg_list
29-05-2026 15:48:45 [ERROR] [zmqstream.py:567] - Uncaught exception in ZMQStream callback
Traceback (most recent call last):
  File "c:\Users\cesargl\_projetos\dex\.venv\Lib\site-packages\zmq\eventloop\zmqstream.py", line 565, in _log_error
    f.result()
    ~~~~~~~~^^
  File "C:\Users\cesargl\AppData\Local\anaconda3\Lib\asyncio\futures.py", line 199, in result
    raise self._exception.with_traceback(self._exception_tb)
  File "C:\Users\cesargl\AppData\Local\anaconda3\Lib\asyncio\tasks.py", line 304, in __step_run_and_handle_result
    result = coro.send(None)
  File "c:\Users\cesargl\_projetos\dex\.venv\Lib\site-packages\ipykernel\kernelbase.py", line 584, in shell_channel_thread_main
    _, msg2 = self.session.feed_identities(msg, copy=False)
              ~~~~~~~~~~~~~~~~~~~~~~~~~~~~^^^^^^^^^^^^^^^^^
  File "c:\Users\cesargl\_projetos\dex\.venv\Lib\site-packages\jupyter_client\session.py", line 998, in feed_identities
    raise ValueError(msg)
ValueError: DELIM not in msg_list
29-05-2026 15:48:45 [ERROR] [zmqstream.py:567] - Uncaught exception in ZMQStream callback
Traceback (most recent call last):
  File "c:\Users\cesargl\_projetos\dex\.venv\Lib\site-packages\zmq\eventloop\zmqstream.py", line 565, in _log_error
    f.result()
    ~~~~~~~~^^
  File "C:\Users\cesargl\AppData\Local\anaconda3\Lib\asyncio\futures.py", line 199, in result
    raise self._exception.with_traceback(self._exception_tb)
  File "C:\Users\cesargl\AppData\Local\anaconda3\Lib\asyncio\tasks.py", line 304, in __step_run_and_handle_result
    result = coro.send(None)
  File "c:\Users\cesargl\_projetos\dex\.venv\Lib\site-packages\ipykernel\kernelbase.py", line 584, in shell_channel_thread_main
    _, msg2 = self.session.feed_identities(msg, copy=False)
              ~~~~~~~~~~~~~~~~~~~~~~~~~~~~^^^^^^^^^^^^^^^^^
  File "c:\Users\cesargl\_projetos\dex\.venv\Lib\site-packages\jupyter_client\session.py", line 998, in feed_identities
    raise ValueError(msg)
ValueError: DELIM not in msg_list
29-05-2026 15:48:45 [ERROR] [zmqstream.py:567] - Uncaught exception in ZMQStream callback
Traceback (most recent call last):
  File "c:\Users\cesargl\_projetos\dex\.venv\Lib\site-packages\zmq\eventloop\zmqstream.py", line 565, in _log_error
    f.result()
    ~~~~~~~~^^
  File "C:\Users\cesargl\AppData\Local\anaconda3\Lib\asyncio\futures.py", line 199, in result
    raise self._exception.with_traceback(self._exception_tb)
  File "C:\Users\cesargl\AppData\Local\anaconda3\Lib\asyncio\tasks.py", line 304, in __step_run_and_handle_result
    result = coro.send(None)
  File "c:\Users\cesargl\_projetos\dex\.venv\Lib\site-packages\ipykernel\kernelbase.py", line 584, in shell_channel_thread_main
    _, msg2 = self.session.feed_identities(msg, copy=False)
              ~~~~~~~~~~~~~~~~~~~~~~~~~~~~^^^^^^^^^^^^^^^^^
  File "c:\Users\cesargl\_projetos\dex\.venv\Lib\site-packages\jupyter_client\session.py", line 998, in feed_identities
    raise ValueError(msg)
ValueError: DELIM not in msg_list
29-05-2026 15:48:46 [ERROR] [zmqstream.py:567] - Uncaught exception in ZMQStream callback
Traceback (most recent call last):
  File "c:\Users\cesargl\_projetos\dex\.venv\Lib\site-packages\zmq\eventloop\zmqstream.py", line 565, in _log_error
    f.result()
    ~~~~~~~~^^
  File "C:\Users\cesargl\AppData\Local\anaconda3\Lib\asyncio\futures.py", line 199, in result
    raise self._exception.with_traceback(self._exception_tb)
  File "C:\Users\cesargl\AppData\Local\anaconda3\Lib\asyncio\tasks.py", line 304, in __step_run_and_handle_result
    result = coro.send(None)
  File "c:\Users\cesargl\_projetos\dex\.venv\Lib\site-packages\ipykernel\kernelbase.py", line 584, in shell_channel_thread_main
    _, msg2 = self.session.feed_identities(msg, copy=False)
              ~~~~~~~~~~~~~~~~~~~~~~~~~~~~^^^^^^^^^^^^^^^^^
  File "c:\Users\cesargl\_projetos\dex\.venv\Lib\site-packages\jupyter_client\session.py", line 998, in feed_identities
    raise ValueError(msg)
ValueError: DELIM not in msg_list
29-05-2026 15:48:46 [ERROR] [zmqstream.py:567] - Uncaught exception in ZMQStream callback
Traceback (most recent call last):
  File "c:\Users\cesargl\_projetos\dex\.venv\Lib\site-packages\zmq\eventloop\zmqstream.py", line 565, in _log_error
    f.result()
    ~~~~~~~~^^
  File "C:\Users\cesargl\AppData\Local\anaconda3\Lib\asyncio\futures.py", line 199, in result
    raise self._exception.with_traceback(self._exception_tb)
  File "C:\Users\cesargl\AppData\Local\anaconda3\Lib\asyncio\tasks.py", line 304, in __step_run_and_handle_result
    result = coro.send(None)
  File "c:\Users\cesargl\_projetos\dex\.venv\Lib\site-packages\ipykernel\kernelbase.py", line 584, in shell_channel_thread_main
    _, msg2 = self.session.feed_identities(msg, copy=False)
              ~~~~~~~~~~~~~~~~~~~~~~~~~~~~^^^^^^^^^^^^^^^^^
  File "c:\Users\cesargl\_projetos\dex\.venv\Lib\site-packages\jupyter_client\session.py", line 998, in feed_identities
    raise ValueError(msg)
ValueError: DELIM not in msg_list
29-05-2026 20:03:08 [INFO] [extracao.py:49] - Query carregada com sucesso: fatofechamento.sql -> chave 'fatofechamento'
29-05-2026 20:03:08 [INFO] [extracao.py:49] - Query carregada com sucesso: orcado.mdx -> chave 'orcado'
29-05-2026 20:03:08 [INFO] [extracao.py:49] - Query carregada com sucesso: orcado_receitas.mdx -> chave 'orcado_receitas'
29-05-2026 20:03:08 [INFO] [extracao.py:49] - Query carregada com sucesso: orcado_receitas_cenario.mdx -> chave 'orcado_receitas_cenario'
29-05-2026 20:03:08 [INFO] [carga.py:182] - Buscando dados históricos da tabela de carga: dbo.[dex-fatofechamento]
29-05-2026 20:03:08 [INFO] [carga.py:182] - Buscando dados históricos da tabela de carga: dbo.[dex-orcado]
29-05-2026 20:03:09 [INFO] [main.py:174] - Tabela de Carga 'fatofechamento' lida do SQL Server com sucesso.
29-05-2026 20:03:25 [INFO] [main.py:174] - Tabela de Carga 'orcado' lida do SQL Server com sucesso.
